-------------------------------------------------------------------------------
Test set: exemplo.jpa.ConquistaTeste
-------------------------------------------------------------------------------
Tests run: 2, Failures: 0, Errors: 2, Skipped: 0, Time elapsed: 0.589 sec <<< FAILURE!
exemplo.jpa.ConquistaTeste  Time elapsed: 0.588 sec  <<< ERROR!
javax.persistence.PersistenceException: Exception [EclipseLink-28019] (Eclipse Persistence Services - 2.7.8.v20201217-ecdf3c32c4): org.eclipse.persistence.exceptions.EntityManagerSetupException
Exception Description: Deployment of PersistenceUnit [retro] failed. Close all factories for this PersistenceUnit.
Internal Exception: Exception [EclipseLink-0] (Eclipse Persistence Services - 2.7.8.v20201217-ecdf3c32c4): org.eclipse.persistence.exceptions.JPQLException
Exception Description: Syntax error parsing [DELETE FROM TB_JOGADORES_CONQUISTAS w INNER JOIN Conquista c ON w.ID_CONQUISTA = c.id WHERE TB_JOGADORES_CONQUISTAS.ID_CONQUISTA LIKE :id]. 
[38, 137] The query contains a malformed ending.
	at org.eclipse.persistence.internal.jpa.EntityManagerSetupImpl.createDeployFailedPersistenceException(EntityManagerSetupImpl.java:911)
	at org.eclipse.persistence.internal.jpa.EntityManagerSetupImpl.deploy(EntityManagerSetupImpl.java:851)
	at org.eclipse.persistence.internal.jpa.EntityManagerFactoryDelegate.getAbstractSession(EntityManagerFactoryDelegate.java:222)
	at org.eclipse.persistence.internal.jpa.EntityManagerFactoryDelegate.getDatabaseSession(EntityManagerFactoryDelegate.java:200)
	at org.eclipse.persistence.internal.jpa.EntityManagerFactoryImpl.getDatabaseSession(EntityManagerFactoryImpl.java:542)
	at org.eclipse.persistence.jpa.PersistenceProvider.createEntityManagerFactoryImpl(PersistenceProvider.java:153)
	at org.eclipse.persistence.jpa.PersistenceProvider.createEntityManagerFactory(PersistenceProvider.java:191)
	at javax.persistence.Persistence.createEntityManagerFactory(Persistence.java:80)
	at javax.persistence.Persistence.createEntityManagerFactory(Persistence.java:55)
	at exemplo.jpa.Teste.setUpClass(Teste.java:29)
	at java.base/jdk.internal.reflect.NativeMethodAccessorImpl.invoke0(Native Method)
	at java.base/jdk.internal.reflect.NativeMethodAccessorImpl.invoke(NativeMethodAccessorImpl.java:64)
	at java.base/jdk.internal.reflect.DelegatingMethodAccessorImpl.invoke(DelegatingMethodAccessorImpl.java:43)
	at java.base/java.lang.reflect.Method.invoke(Method.java:564)
	at org.junit.runners.model.FrameworkMethod$1.runReflectiveCall(FrameworkMethod.java:59)
	at org.junit.internal.runners.model.ReflectiveCallable.run(ReflectiveCallable.java:12)
	at org.junit.runners.model.FrameworkMethod.invokeExplosively(FrameworkMethod.java:56)
	at org.junit.internal.runners.statements.RunBefores.invokeMethod(RunBefores.java:33)
	at org.junit.internal.runners.statements.RunBefores.evaluate(RunBefores.java:24)
	at org.junit.internal.runners.statements.RunAfters.evaluate(RunAfters.java:27)
	at org.junit.runners.ParentRunner$3.evaluate(ParentRunner.java:306)
	at org.junit.runners.ParentRunner.run(ParentRunner.java:413)
	at org.apache.maven.surefire.junit4.JUnit4Provider.execute(JUnit4Provider.java:252)
	at org.apache.maven.surefire.junit4.JUnit4Provider.executeTestSet(JUnit4Provider.java:141)
	at org.apache.maven.surefire.junit4.JUnit4Provider.invoke(JUnit4Provider.java:112)
	at java.base/jdk.internal.reflect.NativeMethodAccessorImpl.invoke0(Native Method)
	at java.base/jdk.internal.reflect.NativeMethodAccessorImpl.invoke(NativeMethodAccessorImpl.java:64)
	at java.base/jdk.internal.reflect.DelegatingMethodAccessorImpl.invoke(DelegatingMethodAccessorImpl.java:43)
	at java.base/java.lang.reflect.Method.invoke(Method.java:564)
	at org.apache.maven.surefire.util.ReflectionUtils.invokeMethodWithArray(ReflectionUtils.java:189)
	at org.apache.maven.surefire.booter.ProviderFactory$ProviderProxy.invoke(ProviderFactory.java:165)
	at org.apache.maven.surefire.booter.ProviderFactory.invokeProvider(ProviderFactory.java:85)
	at org.apache.maven.surefire.booter.ForkedBooter.runSuitesInProcess(ForkedBooter.java:115)
	at org.apache.maven.surefire.booter.ForkedBooter.main(ForkedBooter.java:75)
Caused by: Exception [EclipseLink-28019] (Eclipse Persistence Services - 2.7.8.v20201217-ecdf3c32c4): org.eclipse.persistence.exceptions.EntityManagerSetupException
Exception Description: Deployment of PersistenceUnit [retro] failed. Close all factories for this PersistenceUnit.
Internal Exception: Exception [EclipseLink-0] (Eclipse Persistence Services - 2.7.8.v20201217-ecdf3c32c4): org.eclipse.persistence.exceptions.JPQLException
Exception Description: Syntax error parsing [DELETE FROM TB_JOGADORES_CONQUISTAS w INNER JOIN Conquista c ON w.ID_CONQUISTA = c.id WHERE TB_JOGADORES_CONQUISTAS.ID_CONQUISTA LIKE :id]. 
[38, 137] The query contains a malformed ending.
	at org.eclipse.persistence.exceptions.EntityManagerSetupException.deployFailed(EntityManagerSetupException.java:241)
	... 34 more
Caused by: Exception [EclipseLink-0] (Eclipse Persistence Services - 2.7.8.v20201217-ecdf3c32c4): org.eclipse.persistence.exceptions.JPQLException
Exception Description: Syntax error parsing [DELETE FROM TB_JOGADORES_CONQUISTAS w INNER JOIN Conquista c ON w.ID_CONQUISTA = c.id WHERE TB_JOGADORES_CONQUISTAS.ID_CONQUISTA LIKE :id]. 
[38, 137] The query contains a malformed ending.
	at org.eclipse.persistence.internal.jpa.jpql.HermesParser.buildException(HermesParser.java:157)
	at org.eclipse.persistence.internal.jpa.jpql.HermesParser.validate(HermesParser.java:336)
	at org.eclipse.persistence.internal.jpa.jpql.HermesParser.populateQueryImp(HermesParser.java:280)
	at org.eclipse.persistence.internal.jpa.jpql.HermesParser.buildQuery(HermesParser.java:165)
	at org.eclipse.persistence.internal.jpa.EJBQueryImpl.buildEJBQLDatabaseQuery(EJBQueryImpl.java:142)
	at org.eclipse.persistence.internal.jpa.JPAQuery.processJPQLQuery(JPAQuery.java:225)
	at org.eclipse.persistence.internal.jpa.JPAQuery.prepare(JPAQuery.java:186)
	at org.eclipse.persistence.queries.DatabaseQuery.prepareInternal(DatabaseQuery.java:631)
	at org.eclipse.persistence.internal.sessions.AbstractSession.processJPAQuery(AbstractSession.java:4502)
	at org.eclipse.persistence.internal.sessions.AbstractSession.processJPAQueries(AbstractSession.java:4462)
	at org.eclipse.persistence.internal.sessions.DatabaseSessionImpl.initializeDescriptors(DatabaseSessionImpl.java:645)
	at org.eclipse.persistence.internal.sessions.DatabaseSessionImpl.postConnectDatasource(DatabaseSessionImpl.java:868)
	at org.eclipse.persistence.internal.sessions.DatabaseSessionImpl.login(DatabaseSessionImpl.java:825)
	at org.eclipse.persistence.internal.jpa.EntityManagerFactoryProvider.login(EntityManagerFactoryProvider.java:258)
	at org.eclipse.persistence.internal.jpa.EntityManagerSetupImpl.deploy(EntityManagerSetupImpl.java:772)
	... 32 more

exemplo.jpa.ConquistaTeste  Time elapsed: 0.589 sec  <<< ERROR!
java.lang.NullPointerException: Cannot invoke "javax.persistence.EntityManagerFactory.close()" because "exemplo.jpa.Teste.emf" is null
	at exemplo.jpa.Teste.tearDownClass(Teste.java:35)
	at java.base/jdk.internal.reflect.NativeMethodAccessorImpl.invoke0(Native Method)
	at java.base/jdk.internal.reflect.NativeMethodAccessorImpl.invoke(NativeMethodAccessorImpl.java:64)
	at java.base/jdk.internal.reflect.DelegatingMethodAccessorImpl.invoke(DelegatingMethodAccessorImpl.java:43)
	at java.base/java.lang.reflect.Method.invoke(Method.java:564)
	at org.junit.runners.model.FrameworkMethod$1.runReflectiveCall(FrameworkMethod.java:59)
	at org.junit.internal.runners.model.ReflectiveCallable.run(ReflectiveCallable.java:12)
	at org.junit.runners.model.FrameworkMethod.invokeExplosively(FrameworkMethod.java:56)
	at org.junit.internal.runners.statements.RunAfters.invokeMethod(RunAfters.java:46)
	at org.junit.internal.runners.statements.RunAfters.evaluate(RunAfters.java:33)
	at org.junit.runners.ParentRunner$3.evaluate(ParentRunner.java:306)
	at org.junit.runners.ParentRunner.run(ParentRunner.java:413)
	at org.apache.maven.surefire.junit4.JUnit4Provider.execute(JUnit4Provider.java:252)
	at org.apache.maven.surefire.junit4.JUnit4Provider.executeTestSet(JUnit4Provider.java:141)
	at org.apache.maven.surefire.junit4.JUnit4Provider.invoke(JUnit4Provider.java:112)
	at java.base/jdk.internal.reflect.NativeMethodAccessorImpl.invoke0(Native Method)
	at java.base/jdk.internal.reflect.NativeMethodAccessorImpl.invoke(NativeMethodAccessorImpl.java:64)
	at java.base/jdk.internal.reflect.DelegatingMethodAccessorImpl.invoke(DelegatingMethodAccessorImpl.java:43)
	at java.base/java.lang.reflect.Method.invoke(Method.java:564)
	at org.apache.maven.surefire.util.ReflectionUtils.invokeMethodWithArray(ReflectionUtils.java:189)
	at org.apache.maven.surefire.booter.ProviderFactory$ProviderProxy.invoke(ProviderFactory.java:165)
	at org.apache.maven.surefire.booter.ProviderFactory.invokeProvider(ProviderFactory.java:85)
	at org.apache.maven.surefire.booter.ForkedBooter.runSuitesInProcess(ForkedBooter.java:115)
	at org.apache.maven.surefire.booter.ForkedBooter.main(ForkedBooter.java:75)

