<?xml version="1.0" encoding="UTF-8" ?>
<testsuite tests="2" failures="0" name="exemplo.jpa.ConquistaTeste" time="1.177" errors="2" skipped="0">
  <properties>
[...]
</properties>
  <testcase classname="exemplo.jpa.ConquistaTeste" name="exemplo.jpa.ConquistaTeste" time="0.588">
    <error message="Exception [EclipseLink-28019] (Eclipse Persistence Services - 2.7.8.v20201217-ecdf3c32c4): org.eclipse.persistence.exceptions.EntityManagerSetupException
Exception Description: Deployment of PersistenceUnit [retro] failed. Close all factories for this PersistenceUnit.
Internal Exception: Exception [EclipseLink-0] (Eclipse Persistence Services - 2.7.8.v20201217-ecdf3c32c4): org.eclipse.persistence.exceptions.JPQLException
Exception Description: Syntax error parsing [DELETE FROM TB_JOGADORES_CONQUISTAS w INNER JOIN Conquista c ON w.ID_CONQUISTA = c.id WHERE TB_JOGADORES_CONQUISTAS.ID_CONQUISTA LIKE :id]. 
[38, 137] The query contains a malformed ending." type="javax.persistence.PersistenceException">javax.persistence.PersistenceException: Exception [EclipseLink-28019] (Eclipse Persistence Services - 2.7.8.v20201217-ecdf3c32c4): org.eclipse.persistence.exceptions.EntityManagerSetupException
Exception Description: Deployment of PersistenceUnit [retro] failed. Close all factories for this PersistenceUnit.
Internal Exception: Exception [EclipseLink-0] (Eclipse Persistence Services - 2.7.8.v20201217-ecdf3c32c4): org.eclipse.persistence.exceptions.JPQLException
Exception Description: Syntax error parsing [DELETE FROM TB_JOGADORES_CONQUISTAS w INNER JOIN Conquista c ON w.ID_CONQUISTA = c.id WHERE TB_JOGADORES_CONQUISTAS.ID_CONQUISTA LIKE :id]. 
[38, 137] The query contains a malformed ending.
	at org.eclipse.persistence.internal.jpa.EntityManagerSetupImpl.createDeployFailedPersistenceException(EntityManagerSetupImpl.java:911)
	at org.eclipse.persistence.internal.jpa.EntityManagerSetupImpl.deploy(EntityManagerSetupImpl.java:851)
	at org.eclipse.persistence.internal.jpa.EntityManagerFactoryDelegate.getAbstractSession(EntityManagerFactoryDelegate.java:222)
	at org.eclipse.persistence.internal.jpa.EntityManagerFactoryDelegate.getDatabaseSession(EntityManagerFactoryDelegate.java:200)
	at org.eclipse.persistence.internal.jpa.EntityManagerFactoryImpl.getDatabaseSession(EntityManagerFactoryImpl.java:542)
	at org.eclipse.persistence.jpa.PersistenceProvider.createEntityManagerFactoryImpl(PersistenceProvider.java:153)
	at org.eclipse.persistence.jpa.PersistenceProvider.createEntityManagerFactory(PersistenceProvider.java:191)
	at javax.persistence.Persistence.createEntityManagerFactory(Persistence.java:80)
	at javax.persistence.Persistence.createEntityManagerFactory(Persistence.java:55)
	at exemplo.jpa.Teste.setUpClass(Teste.java:29)
	at java.base/jdk.internal.reflect.NativeMethodAccessorImpl.invoke0(Native Method)
	at java.base/jdk.internal.reflect.NativeMethodAccessorImpl.invoke(NativeMethodAccessorImpl.java:64)
	at java.base/jdk.internal.reflect.DelegatingMethodAccessorImpl.invoke(DelegatingMethodAccessorImpl.java:43)
	at java.base/java.lang.reflect.Method.invoke(Method.java:564)
	at org.junit.runners.model.FrameworkMethod$1.runReflectiveCall(FrameworkMethod.java:59)
	at org.junit.internal.runners.model.ReflectiveCallable.run(ReflectiveCallable.java:12)
	at org.junit.runners.model.FrameworkMethod.invokeExplosively(FrameworkMethod.java:56)
	at org.junit.internal.runners.statements.RunBefores.invokeMethod(RunBefores.java:33)
	at org.junit.internal.runners.statements.RunBefores.evaluate(RunBefores.java:24)
	at org.junit.internal.runners.statements.RunAfters.evaluate(RunAfters.java:27)
	at org.junit.runners.ParentRunner$3.evaluate(ParentRunner.java:306)
	at org.junit.runners.ParentRunner.run(ParentRunner.java:413)
	at org.apache.maven.surefire.junit4.JUnit4Provider.execute(JUnit4Provider.java:252)
	at org.apache.maven.surefire.junit4.JUnit4Provider.executeTestSet(JUnit4Provider.java:141)
	at org.apache.maven.surefire.junit4.JUnit4Provider.invoke(JUnit4Provider.java:112)
	at java.base/jdk.internal.reflect.NativeMethodAccessorImpl.invoke0(Native Method)
	at java.base/jdk.internal.reflect.NativeMethodAccessorImpl.invoke(NativeMethodAccessorImpl.java:64)
	at java.base/jdk.internal.reflect.DelegatingMethodAccessorImpl.invoke(DelegatingMethodAccessorImpl.java:43)
	at java.base/java.lang.reflect.Method.invoke(Method.java:564)
	at org.apache.maven.surefire.util.ReflectionUtils.invokeMethodWithArray(ReflectionUtils.java:189)
	at org.apache.maven.surefire.booter.ProviderFactory$ProviderProxy.invoke(ProviderFactory.java:165)
	at org.apache.maven.surefire.booter.ProviderFactory.invokeProvider(ProviderFactory.java:85)
	at org.apache.maven.surefire.booter.ForkedBooter.runSuitesInProcess(ForkedBooter.java:115)
	at org.apache.maven.surefire.booter.ForkedBooter.main(ForkedBooter.java:75)
Caused by: Exception [EclipseLink-28019] (Eclipse Persistence Services - 2.7.8.v20201217-ecdf3c32c4): org.eclipse.persistence.exceptions.EntityManagerSetupException
Exception Description: Deployment of PersistenceUnit [retro] failed. Close all factories for this PersistenceUnit.
Internal Exception: Exception [EclipseLink-0] (Eclipse Persistence Services - 2.7.8.v20201217-ecdf3c32c4): org.eclipse.persistence.exceptions.JPQLException
Exception Description: Syntax error parsing [DELETE FROM TB_JOGADORES_CONQUISTAS w INNER JOIN Conquista c ON w.ID_CONQUISTA = c.id WHERE TB_JOGADORES_CONQUISTAS.ID_CONQUISTA LIKE :id]. 
[38, 137] The query contains a malformed ending.
	at org.eclipse.persistence.exceptions.EntityManagerSetupException.deployFailed(EntityManagerSetupException.java:241)
	... 34 more
Caused by: Exception [EclipseLink-0] (Eclipse Persistence Services - 2.7.8.v20201217-ecdf3c32c4): org.eclipse.persistence.exceptions.JPQLException
Exception Description: Syntax error parsing [DELETE FROM TB_JOGADORES_CONQUISTAS w INNER JOIN Conquista c ON w.ID_CONQUISTA = c.id WHERE TB_JOGADORES_CONQUISTAS.ID_CONQUISTA LIKE :id]. 
[38, 137] The query contains a malformed ending.
	at org.eclipse.persistence.internal.jpa.jpql.HermesParser.buildException(HermesParser.java:157)
	at org.eclipse.persistence.internal.jpa.jpql.HermesParser.validate(HermesParser.java:336)
	at org.eclipse.persistence.internal.jpa.jpql.HermesParser.populateQueryImp(HermesParser.java:280)
	at org.eclipse.persistence.internal.jpa.jpql.HermesParser.buildQuery(HermesParser.java:165)
	at org.eclipse.persistence.internal.jpa.EJBQueryImpl.buildEJBQLDatabaseQuery(EJBQueryImpl.java:142)
	at org.eclipse.persistence.internal.jpa.JPAQuery.processJPQLQuery(JPAQuery.java:225)
	at org.eclipse.persistence.internal.jpa.JPAQuery.prepare(JPAQuery.java:186)
	at org.eclipse.persistence.queries.DatabaseQuery.prepareInternal(DatabaseQuery.java:631)
	at org.eclipse.persistence.internal.sessions.AbstractSession.processJPAQuery(AbstractSession.java:4502)
	at org.eclipse.persistence.internal.sessions.AbstractSession.processJPAQueries(AbstractSession.java:4462)
	at org.eclipse.persistence.internal.sessions.DatabaseSessionImpl.initializeDescriptors(DatabaseSessionImpl.java:645)
	at org.eclipse.persistence.internal.sessions.DatabaseSessionImpl.postConnectDatasource(DatabaseSessionImpl.java:868)
	at org.eclipse.persistence.internal.sessions.DatabaseSessionImpl.login(DatabaseSessionImpl.java:825)
	at org.eclipse.persistence.internal.jpa.EntityManagerFactoryProvider.login(EntityManagerFactoryProvider.java:258)
	at org.eclipse.persistence.internal.jpa.EntityManagerSetupImpl.deploy(EntityManagerSetupImpl.java:772)
	... 32 more
</error>
    <system-out>[EL Fine]: server: 2021-02-23 22:18:00.336--Thread(Thread[main,5,main])--Configured server platform: org.eclipse.persistence.platform.server.NoServerPlatform
[EL Config]: metadata: 2021-02-23 22:18:00.414--ServerSession(58940486)--Thread(Thread[main,5,main])--The access type for the persistent class [class exemplo.jpa.Conquista] is set to [FIELD].
[EL Config]: metadata: 2021-02-23 22:18:00.427--ServerSession(58940486)--Thread(Thread[main,5,main])--The target entity (reference) class for the many to one mapping element [field administrador] is being defaulted to: class exemplo.jpa.Administrador.
[EL Config]: metadata: 2021-02-23 22:18:00.432--ServerSession(58940486)--Thread(Thread[main,5,main])--The target entity (reference) class for the many to one mapping element [field jogo] is being defaulted to: class exemplo.jpa.Jogo.
[EL Config]: metadata: 2021-02-23 22:18:00.432--ServerSession(58940486)--Thread(Thread[main,5,main])--The access type for the persistent class [class exemplo.jpa.Console] is set to [FIELD].
[EL Config]: metadata: 2021-02-23 22:18:00.435--ServerSession(58940486)--Thread(Thread[main,5,main])--The target entity (reference) class for the one to many mapping element [field jogos] is being defaulted to: class exemplo.jpa.Jogo.
[EL Config]: metadata: 2021-02-23 22:18:00.436--ServerSession(58940486)--Thread(Thread[main,5,main])--The access type for the persistent class [class exemplo.jpa.Usuario] is set to [FIELD].
[EL Config]: metadata: 2021-02-23 22:18:00.437--ServerSession(58940486)--Thread(Thread[main,5,main])--The access type for the persistent class [class exemplo.jpa.Jogador] is set to [FIELD].
[EL Config]: metadata: 2021-02-23 22:18:00.438--ServerSession(58940486)--Thread(Thread[main,5,main])--The target entity (reference) class for the many to many mapping element [field conquistas] is being defaulted to: class exemplo.jpa.Conquista.
[EL Config]: metadata: 2021-02-23 22:18:00.439--ServerSession(58940486)--Thread(Thread[main,5,main])--The access type for the persistent class [class exemplo.jpa.Administrador] is set to [FIELD].
[EL Config]: metadata: 2021-02-23 22:18:00.439--ServerSession(58940486)--Thread(Thread[main,5,main])--The access type for the persistent class [class exemplo.jpa.Jogo] is set to [FIELD].
[EL Config]: metadata: 2021-02-23 22:18:00.439--ServerSession(58940486)--Thread(Thread[main,5,main])--The target entity (reference) class for the many to one mapping element [field console] is being defaulted to: class exemplo.jpa.Console.
[EL Config]: metadata: 2021-02-23 22:18:00.439--ServerSession(58940486)--Thread(Thread[main,5,main])--The target entity (reference) class for the one to many mapping element [field conquistas] is being defaulted to: class exemplo.jpa.Conquista.
[EL Config]: metadata: 2021-02-23 22:18:00.439--ServerSession(58940486)--Thread(Thread[main,5,main])--The alias name for the entity class [class exemplo.jpa.Conquista] is being defaulted to: Conquista.
[EL Config]: metadata: 2021-02-23 22:18:00.449--ServerSession(58940486)--Thread(Thread[main,5,main])--The column name for element [id] is being defaulted to: ID.
[EL Config]: metadata: 2021-02-23 22:18:00.449--ServerSession(58940486)--Thread(Thread[main,5,main])--The alias name for the entity class [class exemplo.jpa.Console] is being defaulted to: Console.
[EL Config]: metadata: 2021-02-23 22:18:00.449--ServerSession(58940486)--Thread(Thread[main,5,main])--The column name for element [id] is being defaulted to: ID.
[EL Config]: metadata: 2021-02-23 22:18:00.45--ServerSession(58940486)--Thread(Thread[main,5,main])--The alias name for the entity class [class exemplo.jpa.Jogador] is being defaulted to: Jogador.
[EL Config]: metadata: 2021-02-23 22:18:00.45--ServerSession(58940486)--Thread(Thread[main,5,main])--The alias name for the entity class [class exemplo.jpa.Usuario] is being defaulted to: Usuario.
[EL Config]: metadata: 2021-02-23 22:18:00.451--ServerSession(58940486)--Thread(Thread[main,5,main])--The column name for element [id] is being defaulted to: ID.
[EL Config]: metadata: 2021-02-23 22:18:00.453--ServerSession(58940486)--Thread(Thread[main,5,main])--The alias name for the entity class [class exemplo.jpa.Administrador] is being defaulted to: Administrador.
[EL Config]: metadata: 2021-02-23 22:18:00.453--ServerSession(58940486)--Thread(Thread[main,5,main])--The alias name for the entity class [class exemplo.jpa.Jogo] is being defaulted to: Jogo.
[EL Config]: metadata: 2021-02-23 22:18:00.454--ServerSession(58940486)--Thread(Thread[main,5,main])--The column name for element [id] is being defaulted to: ID.
[EL Config]: metadata: 2021-02-23 22:18:00.466--ServerSession(58940486)--Thread(Thread[main,5,main])--The source primary key column name for the many to many mapping [field conquistas] is being defaulted to: ID.
[EL Config]: metadata: 2021-02-23 22:18:00.466--ServerSession(58940486)--Thread(Thread[main,5,main])--The target primary key column name for the many to many mapping [field conquistas] is being defaulted to: ID.
[EL Info]: 2021-02-23 22:18:00.592--ServerSession(58940486)--Thread(Thread[main,5,main])--EclipseLink, version: Eclipse Persistence Services - 2.7.8.v20201217-ecdf3c32c4
[EL Fine]: connection: 2021-02-23 22:18:00.596--ServerSession(58940486)--Connection(1181815135)--Thread(Thread[main,5,main])--connecting(DatabaseLogin(
	platform=&gt;DerbyPlatform
	user name=&gt; &quot;retro&quot;
	datasource URL=&gt; &quot;jdbc:derby://localhost:1527/retro;create=true&quot;
))
[EL Config]: connection: 2021-02-23 22:18:00.661--ServerSession(58940486)--Connection(857394605)--Thread(Thread[main,5,main])--Connected: jdbc:derby://localhost:1527/retro;create=true
	User: retro
	Database: Apache Derby  Version: 10.14.2.0 - (1828579)
	Driver: Apache Derby Network Client JDBC Driver  Version: 10.14.2.0 - (1828579)
[EL Warning]: metadata: 2021-02-23 22:18:00.665--ServerSession(58940486)--Thread(Thread[main,5,main])--Reverting the lazy setting on the OneToOne or ManyToOne attribute [administrador] for the entity class [class exemplo.jpa.Conquista] since weaving was not enabled or did not occur.
[EL Warning]: metadata: 2021-02-23 22:18:00.665--ServerSession(58940486)--Thread(Thread[main,5,main])--Reverting the lazy setting on the OneToOne or ManyToOne attribute [jogo] for the entity class [class exemplo.jpa.Conquista] since weaving was not enabled or did not occur.
[EL Warning]: metadata: 2021-02-23 22:18:00.666--ServerSession(58940486)--Thread(Thread[main,5,main])--Reverting the lazy setting on the OneToOne or ManyToOne attribute [console] for the entity class [class exemplo.jpa.Jogo] since weaving was not enabled or did not occur.
[EL Fine]: connection: 2021-02-23 22:18:00.716--ServerSession(58940486)--Connection(857394605)--Thread(Thread[main,5,main])--disconnect
[EL Fine]: connection: 2021-02-23 22:18:00.717--ServerSession(58940486)--Thread(Thread[main,5,main])--/file:/C:/Users/isnar/Desktop/DESCORP/Nicolas/Descorp01-main/target/classes/_retro logout successful
[EL Fine]: connection: 2021-02-23 22:18:00.717--ServerSession(58940486)--Connection(1181815135)--Thread(Thread[main,5,main])--disconnect
[EL Severe]: ejb: 2021-02-23 22:18:00.719--ServerSession(58940486)--Thread(Thread[main,5,main])--Exception [EclipseLink-0] (Eclipse Persistence Services - 2.7.8.v20201217-ecdf3c32c4): org.eclipse.persistence.exceptions.JPQLException
Exception Description: Syntax error parsing [DELETE FROM TB_JOGADORES_CONQUISTAS w INNER JOIN Conquista c ON w.ID_CONQUISTA = c.id WHERE TB_JOGADORES_CONQUISTAS.ID_CONQUISTA LIKE :id]. 
[38, 137] The query contains a malformed ending.
</system-out>
  </testcase>
  <testcase classname="exemplo.jpa.ConquistaTeste" name="exemplo.jpa.ConquistaTeste" time="0.589">
    <error message="Cannot invoke &quot;javax.persistence.EntityManagerFactory.close()&quot; because &quot;exemplo.jpa.Teste.emf&quot; is null" type="java.lang.NullPointerException">java.lang.NullPointerException: Cannot invoke &quot;javax.persistence.EntityManagerFactory.close()&quot; because &quot;exemplo.jpa.Teste.emf&quot; is null
	at exemplo.jpa.Teste.tearDownClass(Teste.java:35)
	at java.base/jdk.internal.reflect.NativeMethodAccessorImpl.invoke0(Native Method)
	at java.base/jdk.internal.reflect.NativeMethodAccessorImpl.invoke(NativeMethodAccessorImpl.java:64)
	at java.base/jdk.internal.reflect.DelegatingMethodAccessorImpl.invoke(DelegatingMethodAccessorImpl.java:43)
	at java.base/java.lang.reflect.Method.invoke(Method.java:564)
	at org.junit.runners.model.FrameworkMethod$1.runReflectiveCall(FrameworkMethod.java:59)
	at org.junit.internal.runners.model.ReflectiveCallable.run(ReflectiveCallable.java:12)
	at org.junit.runners.model.FrameworkMethod.invokeExplosively(FrameworkMethod.java:56)
	at org.junit.internal.runners.statements.RunAfters.invokeMethod(RunAfters.java:46)
	at org.junit.internal.runners.statements.RunAfters.evaluate(RunAfters.java:33)
	at org.junit.runners.ParentRunner$3.evaluate(ParentRunner.java:306)
	at org.junit.runners.ParentRunner.run(ParentRunner.java:413)
	at org.apache.maven.surefire.junit4.JUnit4Provider.execute(JUnit4Provider.java:252)
	at org.apache.maven.surefire.junit4.JUnit4Provider.executeTestSet(JUnit4Provider.java:141)
	at org.apache.maven.surefire.junit4.JUnit4Provider.invoke(JUnit4Provider.java:112)
	at java.base/jdk.internal.reflect.NativeMethodAccessorImpl.invoke0(Native Method)
	at java.base/jdk.internal.reflect.NativeMethodAccessorImpl.invoke(NativeMethodAccessorImpl.java:64)
	at java.base/jdk.internal.reflect.DelegatingMethodAccessorImpl.invoke(DelegatingMethodAccessorImpl.java:43)
	at java.base/java.lang.reflect.Method.invoke(Method.java:564)
	at org.apache.maven.surefire.util.ReflectionUtils.invokeMethodWithArray(ReflectionUtils.java:189)
	at org.apache.maven.surefire.booter.ProviderFactory$ProviderProxy.invoke(ProviderFactory.java:165)
	at org.apache.maven.surefire.booter.ProviderFactory.invokeProvider(ProviderFactory.java:85)
	at org.apache.maven.surefire.booter.ForkedBooter.runSuitesInProcess(ForkedBooter.java:115)
	at org.apache.maven.surefire.booter.ForkedBooter.main(ForkedBooter.java:75)
</error>
  </testcase>
</testsuite>